<?xml version="1.0" encoding="UTF-8"?>
<coverage generated="1658422968970" clover="3.2.0">
  <project timestamp="1658422968970" name="All files">
    <metrics statements="12" coveredstatements="2" conditionals="2" coveredconditionals="0" methods="8" coveredmethods="2" elements="22" coveredelements="4" complexity="0" loc="12" ncloc="12" packages="1" files="1" classes="1"/>
    <file name="functions.js" path="E:\Program Files\MyCode\前端\mvvm\test\functions.js">
      <metrics statements="12" coveredstatements="2" conditionals="2" coveredconditionals="0" methods="8" coveredmethods="2"/>
      <line num="3" count="1" type="stmt"/>
      <line num="7" count="2" type="stmt"/>
      <line num="11" count="0" type="stmt"/>
      <line num="12" count="0" type="stmt"/>
      <line num="13" count="0" type="cond" truecount="0" falsecount="2"/>
      <line num="14" count="0" type="stmt"/>
      <line num="16" count="0" type="stmt"/>
      <line num="21" count="0" type="stmt"/>
      <line num="22" count="0" type="stmt"/>
      <line num="23" count="0" type="stmt"/>
      <line num="28" count="0" type="stmt"/>
      <line num="29" count="0" type="stmt"/>
    </file>
  </project>
</coverage>
